Arguments: 
  /usr/local/bin/node /usr/local/Cellar/yarn/1.22.10/libexec/bin/yarn.js

PATH: 
  /usr/local/bin:/usr/bin:/bin:/usr/sbin:/sbin:/Library/Apple/usr/bin:/Users/igorsolovyov/WebstormProjects/custom-plugin-example/node_modules/.bin

Yarn version: 
  1.22.10

Node version: 
  14.16.0

Platform: 
  darwin x64

Trace: 
  SyntaxError: /Users/igorsolovyov/WebstormProjects/custom-plugin-example/package.json: Unexpected token } in JSON at position 121
      at JSON.parse (<anonymous>)
      at /usr/local/Cellar/yarn/1.22.10/libexec/lib/cli.js:1625:59
      at Generator.next (<anonymous>)
      at step (/usr/local/Cellar/yarn/1.22.10/libexec/lib/cli.js:310:30)
      at /usr/local/Cellar/yarn/1.22.10/libexec/lib/cli.js:321:13

npm manifest: 
  {
    "name": "@vizsla/plugin-notifications",
    "version": "0.0.1",
    "dependencies": {
      "8base-cli-types": "^0.3.3",
    },
    "license": "MIT",
    "devDependencies": {
      "@types/node": "^14.0.27",
      "@typescript-eslint/parser": "^4.31.1",
      "eslint": "^7.32.0",
      "typescript": "^4.4.3"
    }
  }

yarn manifest: 
  No manifest

Lockfile: 
  No lockfile
